  [1m[35m (455.9ms)[0m  [1m[35mCREATE DATABASE "the_gossip_project_development" ENCODING = 'unicode'[0m
  ↳ /Users/charlottevaudour/.rvm/gems/ruby-2.5.1/gems/rake-12.3.1/lib/rake/task.rb:271
  [1m[35m (329.4ms)[0m  [1m[35mCREATE DATABASE "the_gossip_project_test" ENCODING = 'unicode'[0m
  ↳ /Users/charlottevaudour/.rvm/gems/ruby-2.5.1/gems/rake-12.3.1/lib/rake/task.rb:271
  [1m[35m (29.4ms)[0m  [1m[35mCREATE TABLE "schema_migrations" ("version" character varying NOT NULL PRIMARY KEY)[0m
  ↳ /Users/charlottevaudour/.rvm/gems/ruby-2.5.1/gems/rake-12.3.1/lib/rake/task.rb:271
  [1m[35m (29.5ms)[0m  [1m[35mCREATE TABLE "ar_internal_metadata" ("key" character varying NOT NULL PRIMARY KEY, "value" character varying, "created_at" timestamp NOT NULL, "updated_at" timestamp NOT NULL)[0m
  ↳ /Users/charlottevaudour/.rvm/gems/ruby-2.5.1/gems/rake-12.3.1/lib/rake/task.rb:271
  [1m[35m (0.6ms)[0m  [1m[34mSELECT pg_try_advisory_lock(4833031731104927805)[0m
  ↳ /Users/charlottevaudour/.rvm/gems/ruby-2.5.1/gems/rake-12.3.1/lib/rake/task.rb:271
  [1m[35m (0.8ms)[0m  [1m[34mSELECT "schema_migrations"."version" FROM "schema_migrations" ORDER BY "schema_migrations"."version" ASC[0m
  ↳ /Users/charlottevaudour/.rvm/gems/ruby-2.5.1/gems/rake-12.3.1/lib/rake/task.rb:271
Migrating to CreateGossips (20181029135847)
  [1m[35m (0.2ms)[0m  [1m[35mBEGIN[0m
  ↳ /Users/charlottevaudour/.rvm/gems/ruby-2.5.1/gems/rake-12.3.1/lib/rake/task.rb:271
  [1m[35m (27.9ms)[0m  [1m[35mCREATE TABLE "gossips" ("id" bigserial primary key, "author" character varying, "content" text, "created_at" timestamp NOT NULL, "updated_at" timestamp NOT NULL)[0m
  ↳ db/migrate/20181029135847_create_gossips.rb:3
  [1m[36mActiveRecord::SchemaMigration Create (2.0ms)[0m  [1m[32mINSERT INTO "schema_migrations" ("version") VALUES ($1) RETURNING "version"[0m  [["version", "20181029135847"]]
  ↳ /Users/charlottevaudour/.rvm/gems/ruby-2.5.1/gems/rake-12.3.1/lib/rake/task.rb:271
  [1m[35m (0.5ms)[0m  [1m[35mCOMMIT[0m
  ↳ /Users/charlottevaudour/.rvm/gems/ruby-2.5.1/gems/rake-12.3.1/lib/rake/task.rb:271
  [1m[36mActiveRecord::InternalMetadata Load (0.5ms)[0m  [1m[34mSELECT  "ar_internal_metadata".* FROM "ar_internal_metadata" WHERE "ar_internal_metadata"."key" = $1 LIMIT $2[0m  [["key", "environment"], ["LIMIT", 1]]
  ↳ /Users/charlottevaudour/.rvm/gems/ruby-2.5.1/gems/rake-12.3.1/lib/rake/task.rb:271
  [1m[35m (1.2ms)[0m  [1m[35mBEGIN[0m
  ↳ /Users/charlottevaudour/.rvm/gems/ruby-2.5.1/gems/rake-12.3.1/lib/rake/task.rb:271
  [1m[36mActiveRecord::InternalMetadata Create (10.8ms)[0m  [1m[32mINSERT INTO "ar_internal_metadata" ("key", "value", "created_at", "updated_at") VALUES ($1, $2, $3, $4) RETURNING "key"[0m  [["key", "environment"], ["value", "development"], ["created_at", "2018-10-29 14:04:16.429998"], ["updated_at", "2018-10-29 14:04:16.429998"]]
  ↳ /Users/charlottevaudour/.rvm/gems/ruby-2.5.1/gems/rake-12.3.1/lib/rake/task.rb:271
  [1m[35m (0.5ms)[0m  [1m[35mCOMMIT[0m
  ↳ /Users/charlottevaudour/.rvm/gems/ruby-2.5.1/gems/rake-12.3.1/lib/rake/task.rb:271
  [1m[35m (0.5ms)[0m  [1m[34mSELECT pg_advisory_unlock(4833031731104927805)[0m
  ↳ /Users/charlottevaudour/.rvm/gems/ruby-2.5.1/gems/rake-12.3.1/lib/rake/task.rb:271
  [1m[35m (1.0ms)[0m  [1m[34mSELECT "schema_migrations"."version" FROM "schema_migrations" ORDER BY "schema_migrations"."version" ASC[0m
  ↳ /Users/charlottevaudour/.rvm/gems/ruby-2.5.1/gems/rake-12.3.1/lib/rake/task.rb:271
  [1m[35m (1.4ms)[0m  [1m[34mSELECT "schema_migrations"."version" FROM "schema_migrations" ORDER BY "schema_migrations"."version" ASC[0m
  ↳ /Users/charlottevaudour/.rvm/gems/ruby-2.5.1/gems/rake-12.3.1/lib/rake/task.rb:271
  [1m[35m (1.3ms)[0m  [1m[34mSELECT "schema_migrations"."version" FROM "schema_migrations" ORDER BY "schema_migrations"."version" ASC[0m
  ↳ /Users/charlottevaudour/.rvm/gems/ruby-2.5.1/gems/rake-12.3.1/lib/rake/task.rb:271
  [1m[35m (1.3ms)[0m  [1m[34mSELECT "schema_migrations"."version" FROM "schema_migrations" ORDER BY "schema_migrations"."version" ASC[0m
  ↳ /Users/charlottevaudour/.rvm/gems/ruby-2.5.1/gems/rake-12.3.1/lib/rake/task.rb:271
  [1m[35m (1.5ms)[0m  [1m[34mSELECT "schema_migrations"."version" FROM "schema_migrations" ORDER BY "schema_migrations"."version" ASC[0m
  ↳ /Users/charlottevaudour/.rvm/gems/ruby-2.5.1/gems/rake-12.3.1/lib/rake/task.rb:271
  [1m[35m (59.4ms)[0m  [1m[34mSELECT "schema_migrations"."version" FROM "schema_migrations" ORDER BY "schema_migrations"."version" ASC[0m
  ↳ /Users/charlottevaudour/.rvm/gems/ruby-2.5.1/gems/rake-12.3.1/lib/rake/task.rb:271
  [1m[35m (1.5ms)[0m  [1m[34mSELECT "schema_migrations"."version" FROM "schema_migrations" ORDER BY "schema_migrations"."version" ASC[0m
  ↳ /Users/charlottevaudour/.rvm/gems/ruby-2.5.1/gems/rake-12.3.1/lib/rake/task.rb:271
  [1m[35m (1.7ms)[0m  [1m[34mSELECT "schema_migrations"."version" FROM "schema_migrations" ORDER BY "schema_migrations"."version" ASC[0m
  ↳ /Users/charlottevaudour/.rvm/gems/ruby-2.5.1/gems/rake-12.3.1/lib/rake/task.rb:271
  [1m[35m (0.6ms)[0m  [1m[35mBEGIN[0m
  ↳ db/seeds.rb:11
  [1m[36mGossip Create (3.6ms)[0m  [1m[32mINSERT INTO "gossips" ("author", "content", "created_at", "updated_at") VALUES ($1, $2, $3, $4) RETURNING "id"[0m  [["author", "Aubrey Ambrose"], ["content", "Some old wounds never truly heal, and bleed again at the slightest word."], ["created_at", "2018-10-29 14:50:48.834071"], ["updated_at", "2018-10-29 14:50:48.834071"]]
  ↳ db/seeds.rb:11
  [1m[35m (0.7ms)[0m  [1m[35mCOMMIT[0m
  ↳ db/seeds.rb:11
  [1m[35m (0.1ms)[0m  [1m[35mBEGIN[0m
  ↳ db/seeds.rb:11
  [1m[36mGossip Create (2.5ms)[0m  [1m[32mINSERT INTO "gossips" ("author", "content", "created_at", "updated_at") VALUES ($1, $2, $3, $4) RETURNING "id"[0m  [["author", "Jafer Flowers"], ["content", "Hodor? Hodor."], ["created_at", "2018-10-29 14:50:48.840817"], ["updated_at", "2018-10-29 14:50:48.840817"]]
  ↳ db/seeds.rb:11
  [1m[35m (0.4ms)[0m  [1m[35mCOMMIT[0m
  ↳ db/seeds.rb:11
  [1m[35m (0.2ms)[0m  [1m[35mBEGIN[0m
  ↳ db/seeds.rb:11
  [1m[36mGossip Create (0.3ms)[0m  [1m[32mINSERT INTO "gossips" ("author", "content", "created_at", "updated_at") VALUES ($1, $2, $3, $4) RETURNING "id"[0m  [["author", "Brandon Norrey"], ["content", "Things are not always as they seemed, much that may seem evil can be good."], ["created_at", "2018-10-29 14:50:48.846232"], ["updated_at", "2018-10-29 14:50:48.846232"]]
  ↳ db/seeds.rb:11
  [1m[35m (0.4ms)[0m  [1m[35mCOMMIT[0m
  ↳ db/seeds.rb:11
  [1m[35m (0.2ms)[0m  [1m[35mBEGIN[0m
  ↳ db/seeds.rb:11
  [1m[36mGossip Create (0.5ms)[0m  [1m[32mINSERT INTO "gossips" ("author", "content", "created_at", "updated_at") VALUES ($1, $2, $3, $4) RETURNING "id"[0m  [["author", "Jasper Redfort"], ["content", "Knowledge could be more valuable than gold, more deadly than a dagger."], ["created_at", "2018-10-29 14:50:48.849440"], ["updated_at", "2018-10-29 14:50:48.849440"]]
  ↳ db/seeds.rb:11
  [1m[35m (0.4ms)[0m  [1m[35mCOMMIT[0m
  ↳ db/seeds.rb:11
  [1m[35m (0.2ms)[0m  [1m[35mBEGIN[0m
  ↳ db/seeds.rb:11
  [1m[36mGossip Create (0.3ms)[0m  [1m[32mINSERT INTO "gossips" ("author", "content", "created_at", "updated_at") VALUES ($1, $2, $3, $4) RETURNING "id"[0m  [["author", "Gerold Grafton"], ["content", "And so he spoke, and so he spoke, that Lord of Castamere, but now the rains weep o'er his hall, with no one there to hear. Yes, now the rains weep o'er his hall, and not a soul to hear."], ["created_at", "2018-10-29 14:50:48.854425"], ["updated_at", "2018-10-29 14:50:48.854425"]]
  ↳ db/seeds.rb:11
  [1m[35m (0.4ms)[0m  [1m[35mCOMMIT[0m
  ↳ db/seeds.rb:11
  [1m[35m (0.1ms)[0m  [1m[35mBEGIN[0m
  ↳ db/seeds.rb:11
  [1m[36mGossip Create (0.4ms)[0m  [1m[32mINSERT INTO "gossips" ("author", "content", "created_at", "updated_at") VALUES ($1, $2, $3, $4) RETURNING "id"[0m  [["author", "Lyonel Bentley"], ["content", "All dwarfs are bastards in their father's eyes"], ["created_at", "2018-10-29 14:50:48.857470"], ["updated_at", "2018-10-29 14:50:48.857470"]]
  ↳ db/seeds.rb:11
  [1m[35m (0.4ms)[0m  [1m[35mCOMMIT[0m
  ↳ db/seeds.rb:11
  [1m[35m (0.2ms)[0m  [1m[35mBEGIN[0m
  ↳ db/seeds.rb:11
  [1m[36mGossip Create (1.5ms)[0m  [1m[32mINSERT INTO "gossips" ("author", "content", "created_at", "updated_at") VALUES ($1, $2, $3, $4) RETURNING "id"[0m  [["author", "Kurleket"], ["content", "Why is it that when one man builds a wall, the next man immediately needs to know what's on the other side?"], ["created_at", "2018-10-29 14:50:48.861377"], ["updated_at", "2018-10-29 14:50:48.861377"]]
  ↳ db/seeds.rb:11
  [1m[35m (1.1ms)[0m  [1m[35mCOMMIT[0m
  ↳ db/seeds.rb:11
  [1m[35m (0.1ms)[0m  [1m[35mBEGIN[0m
  ↳ db/seeds.rb:11
  [1m[36mGossip Create (0.4ms)[0m  [1m[32mINSERT INTO "gossips" ("author", "content", "created_at", "updated_at") VALUES ($1, $2, $3, $4) RETURNING "id"[0m  [["author", "Renly Baratheon"], ["content", "There are no heroes...in life, the monsters win."], ["created_at", "2018-10-29 14:50:48.867491"], ["updated_at", "2018-10-29 14:50:48.867491"]]
  ↳ db/seeds.rb:11
  [1m[35m (0.4ms)[0m  [1m[35mCOMMIT[0m
  ↳ db/seeds.rb:11
  [1m[35m (0.2ms)[0m  [1m[35mBEGIN[0m
  ↳ db/seeds.rb:11
  [1m[36mGossip Create (0.3ms)[0m  [1m[32mINSERT INTO "gossips" ("author", "content", "created_at", "updated_at") VALUES ($1, $2, $3, $4) RETURNING "id"[0m  [["author", "Galladon of Morne"], ["content", "When you play a game of thrones you win or you die."], ["created_at", "2018-10-29 14:50:48.870481"], ["updated_at", "2018-10-29 14:50:48.870481"]]
  ↳ db/seeds.rb:11
  [1m[35m (0.5ms)[0m  [1m[35mCOMMIT[0m
  ↳ db/seeds.rb:11
  [1m[35m (0.1ms)[0m  [1m[35mBEGIN[0m
  ↳ db/seeds.rb:11
  [1m[36mGossip Create (0.3ms)[0m  [1m[32mINSERT INTO "gossips" ("author", "content", "created_at", "updated_at") VALUES ($1, $2, $3, $4) RETURNING "id"[0m  [["author", "Cleyton Caswell"], ["content", "Once you’ve accepted your flaws, no one can use them against you."], ["created_at", "2018-10-29 14:50:48.873387"], ["updated_at", "2018-10-29 14:50:48.873387"]]
  ↳ db/seeds.rb:11
  [1m[35m (0.4ms)[0m  [1m[35mCOMMIT[0m
  ↳ db/seeds.rb:11
  [1m[36mGossip Load (0.8ms)[0m  [1m[34mSELECT  "gossips".* FROM "gossips" LIMIT $1[0m  [["LIMIT", 11]]
Started GET "/" for 127.0.0.1 at 2018-10-29 17:03:59 +0100
  [1m[35m (1.7ms)[0m  [1m[34mSELECT "schema_migrations"."version" FROM "schema_migrations" ORDER BY "schema_migrations"."version" ASC[0m
  ↳ /Users/charlottevaudour/.rvm/gems/ruby-2.5.1/gems/web-console-3.7.0/lib/web_console/middleware.rb:135
Processing by Rails::WelcomeController#index as HTML
  Rendering /Users/charlottevaudour/.rvm/rubies/ruby-2.5.1/lib/ruby/gems/2.5.0/gems/railties-5.2.1/lib/rails/templates/rails/welcome/index.html.erb
  Rendered /Users/charlottevaudour/.rvm/rubies/ruby-2.5.1/lib/ruby/gems/2.5.0/gems/railties-5.2.1/lib/rails/templates/rails/welcome/index.html.erb (11.3ms)
Completed 200 OK in 89ms (Views: 34.7ms | ActiveRecord: 0.0ms)


Started GET "/team" for 127.0.0.1 at 2018-10-29 17:04:53 +0100
  
ActionController::RoutingError (No route matches [GET] "/team"):
  
actionpack (5.2.1) lib/action_dispatch/middleware/debug_exceptions.rb:65:in `call'
web-console (3.7.0) lib/web_console/middleware.rb:135:in `call_app'
web-console (3.7.0) lib/web_console/middleware.rb:30:in `block in call'
web-console (3.7.0) lib/web_console/middleware.rb:20:in `catch'
web-console (3.7.0) lib/web_console/middleware.rb:20:in `call'
actionpack (5.2.1) lib/action_dispatch/middleware/show_exceptions.rb:33:in `call'
railties (5.2.1) lib/rails/rack/logger.rb:38:in `call_app'
railties (5.2.1) lib/rails/rack/logger.rb:26:in `block in call'
activesupport (5.2.1) lib/active_support/tagged_logging.rb:71:in `block in tagged'
activesupport (5.2.1) lib/active_support/tagged_logging.rb:28:in `tagged'
activesupport (5.2.1) lib/active_support/tagged_logging.rb:71:in `tagged'
railties (5.2.1) lib/rails/rack/logger.rb:26:in `call'
sprockets-rails (3.2.1) lib/sprockets/rails/quiet_assets.rb:13:in `call'
actionpack (5.2.1) lib/action_dispatch/middleware/remote_ip.rb:81:in `call'
actionpack (5.2.1) lib/action_dispatch/middleware/request_id.rb:27:in `call'
rack (2.0.5) lib/rack/method_override.rb:22:in `call'
rack (2.0.5) lib/rack/runtime.rb:22:in `call'
activesupport (5.2.1) lib/active_support/cache/strategy/local_cache_middleware.rb:29:in `call'
actionpack (5.2.1) lib/action_dispatch/middleware/executor.rb:14:in `call'
actionpack (5.2.1) lib/action_dispatch/middleware/static.rb:127:in `call'
rack (2.0.5) lib/rack/sendfile.rb:111:in `call'
railties (5.2.1) lib/rails/engine.rb:524:in `call'
puma (3.12.0) lib/puma/configuration.rb:225:in `call'
puma (3.12.0) lib/puma/server.rb:658:in `handle_request'
puma (3.12.0) lib/puma/server.rb:472:in `process_client'
puma (3.12.0) lib/puma/server.rb:332:in `block in run'
puma (3.12.0) lib/puma/thread_pool.rb:133:in `block in spawn_thread'
Started GET "/contact" for 127.0.0.1 at 2018-10-29 17:05:22 +0100
  
ActionController::RoutingError (No route matches [GET] "/contact"):
  
actionpack (5.2.1) lib/action_dispatch/middleware/debug_exceptions.rb:65:in `call'
web-console (3.7.0) lib/web_console/middleware.rb:135:in `call_app'
web-console (3.7.0) lib/web_console/middleware.rb:30:in `block in call'
web-console (3.7.0) lib/web_console/middleware.rb:20:in `catch'
web-console (3.7.0) lib/web_console/middleware.rb:20:in `call'
actionpack (5.2.1) lib/action_dispatch/middleware/show_exceptions.rb:33:in `call'
railties (5.2.1) lib/rails/rack/logger.rb:38:in `call_app'
railties (5.2.1) lib/rails/rack/logger.rb:26:in `block in call'
activesupport (5.2.1) lib/active_support/tagged_logging.rb:71:in `block in tagged'
activesupport (5.2.1) lib/active_support/tagged_logging.rb:28:in `tagged'
activesupport (5.2.1) lib/active_support/tagged_logging.rb:71:in `tagged'
railties (5.2.1) lib/rails/rack/logger.rb:26:in `call'
sprockets-rails (3.2.1) lib/sprockets/rails/quiet_assets.rb:13:in `call'
actionpack (5.2.1) lib/action_dispatch/middleware/remote_ip.rb:81:in `call'
actionpack (5.2.1) lib/action_dispatch/middleware/request_id.rb:27:in `call'
rack (2.0.5) lib/rack/method_override.rb:22:in `call'
rack (2.0.5) lib/rack/runtime.rb:22:in `call'
activesupport (5.2.1) lib/active_support/cache/strategy/local_cache_middleware.rb:29:in `call'
actionpack (5.2.1) lib/action_dispatch/middleware/executor.rb:14:in `call'
actionpack (5.2.1) lib/action_dispatch/middleware/static.rb:127:in `call'
rack (2.0.5) lib/rack/sendfile.rb:111:in `call'
railties (5.2.1) lib/rails/engine.rb:524:in `call'
puma (3.12.0) lib/puma/configuration.rb:225:in `call'
puma (3.12.0) lib/puma/server.rb:658:in `handle_request'
puma (3.12.0) lib/puma/server.rb:472:in `process_client'
puma (3.12.0) lib/puma/server.rb:332:in `block in run'
puma (3.12.0) lib/puma/thread_pool.rb:133:in `block in spawn_thread'
Started GET "/contact" for 127.0.0.1 at 2018-10-29 17:05:57 +0100
  
ActionController::RoutingError (uninitialized constant StaticPagesController):
  
bootsnap (1.3.2) lib/bootsnap/load_path_cache/core_ext/active_support.rb:74:in `block in load_missing_constant'
bootsnap (1.3.2) lib/bootsnap/load_path_cache/core_ext/active_support.rb:8:in `without_bootsnap_cache'
bootsnap (1.3.2) lib/bootsnap/load_path_cache/core_ext/active_support.rb:74:in `rescue in load_missing_constant'
bootsnap (1.3.2) lib/bootsnap/load_path_cache/core_ext/active_support.rb:56:in `load_missing_constant'
activesupport (5.2.1) lib/active_support/inflector/methods.rb:283:in `const_get'
activesupport (5.2.1) lib/active_support/inflector/methods.rb:283:in `block in constantize'
activesupport (5.2.1) lib/active_support/inflector/methods.rb:281:in `each'
activesupport (5.2.1) lib/active_support/inflector/methods.rb:281:in `inject'
activesupport (5.2.1) lib/active_support/inflector/methods.rb:281:in `constantize'
actionpack (5.2.1) lib/action_dispatch/http/request.rb:88:in `controller_class_for'
actionpack (5.2.1) lib/action_dispatch/http/request.rb:81:in `controller_class'
actionpack (5.2.1) lib/action_dispatch/routing/route_set.rb:46:in `controller'
actionpack (5.2.1) lib/action_dispatch/routing/route_set.rb:32:in `serve'
actionpack (5.2.1) lib/action_dispatch/journey/router.rb:52:in `block in serve'
actionpack (5.2.1) lib/action_dispatch/journey/router.rb:35:in `each'
actionpack (5.2.1) lib/action_dispatch/journey/router.rb:35:in `serve'
actionpack (5.2.1) lib/action_dispatch/routing/route_set.rb:840:in `call'
rack (2.0.5) lib/rack/tempfile_reaper.rb:15:in `call'
rack (2.0.5) lib/rack/etag.rb:25:in `call'
rack (2.0.5) lib/rack/conditional_get.rb:25:in `call'
rack (2.0.5) lib/rack/head.rb:12:in `call'
actionpack (5.2.1) lib/action_dispatch/http/content_security_policy.rb:18:in `call'
rack (2.0.5) lib/rack/session/abstract/id.rb:232:in `context'
rack (2.0.5) lib/rack/session/abstract/id.rb:226:in `call'
actionpack (5.2.1) lib/action_dispatch/middleware/cookies.rb:670:in `call'
activerecord (5.2.1) lib/active_record/migration.rb:559:in `call'
actionpack (5.2.1) lib/action_dispatch/middleware/callbacks.rb:28:in `block in call'
activesupport (5.2.1) lib/active_support/callbacks.rb:98:in `run_callbacks'
actionpack (5.2.1) lib/action_dispatch/middleware/callbacks.rb:26:in `call'
actionpack (5.2.1) lib/action_dispatch/middleware/executor.rb:14:in `call'
actionpack (5.2.1) lib/action_dispatch/middleware/debug_exceptions.rb:61:in `call'
web-console (3.7.0) lib/web_console/middleware.rb:135:in `call_app'
web-console (3.7.0) lib/web_console/middleware.rb:30:in `block in call'
web-console (3.7.0) lib/web_console/middleware.rb:20:in `catch'
web-console (3.7.0) lib/web_console/middleware.rb:20:in `call'
actionpack (5.2.1) lib/action_dispatch/middleware/show_exceptions.rb:33:in `call'
railties (5.2.1) lib/rails/rack/logger.rb:38:in `call_app'
railties (5.2.1) lib/rails/rack/logger.rb:26:in `block in call'
activesupport (5.2.1) lib/active_support/tagged_logging.rb:71:in `block in tagged'
activesupport (5.2.1) lib/active_support/tagged_logging.rb:28:in `tagged'
activesupport (5.2.1) lib/active_support/tagged_logging.rb:71:in `tagged'
railties (5.2.1) lib/rails/rack/logger.rb:26:in `call'
sprockets-rails (3.2.1) lib/sprockets/rails/quiet_assets.rb:13:in `call'
actionpack (5.2.1) lib/action_dispatch/middleware/remote_ip.rb:81:in `call'
actionpack (5.2.1) lib/action_dispatch/middleware/request_id.rb:27:in `call'
rack (2.0.5) lib/rack/method_override.rb:22:in `call'
rack (2.0.5) lib/rack/runtime.rb:22:in `call'
activesupport (5.2.1) lib/active_support/cache/strategy/local_cache_middleware.rb:29:in `call'
actionpack (5.2.1) lib/action_dispatch/middleware/executor.rb:14:in `call'
actionpack (5.2.1) lib/action_dispatch/middleware/static.rb:127:in `call'
rack (2.0.5) lib/rack/sendfile.rb:111:in `call'
railties (5.2.1) lib/rails/engine.rb:524:in `call'
puma (3.12.0) lib/puma/configuration.rb:225:in `call'
puma (3.12.0) lib/puma/server.rb:658:in `handle_request'
puma (3.12.0) lib/puma/server.rb:472:in `process_client'
puma (3.12.0) lib/puma/server.rb:332:in `block in run'
puma (3.12.0) lib/puma/thread_pool.rb:133:in `block in spawn_thread'
Started GET "/team" for 127.0.0.1 at 2018-10-29 17:06:13 +0100
  
ActionController::RoutingError (uninitialized constant StaticPagesController):
  
bootsnap (1.3.2) lib/bootsnap/load_path_cache/core_ext/active_support.rb:74:in `block in load_missing_constant'
bootsnap (1.3.2) lib/bootsnap/load_path_cache/core_ext/active_support.rb:8:in `without_bootsnap_cache'
bootsnap (1.3.2) lib/bootsnap/load_path_cache/core_ext/active_support.rb:74:in `rescue in load_missing_constant'
bootsnap (1.3.2) lib/bootsnap/load_path_cache/core_ext/active_support.rb:56:in `load_missing_constant'
activesupport (5.2.1) lib/active_support/inflector/methods.rb:283:in `const_get'
activesupport (5.2.1) lib/active_support/inflector/methods.rb:283:in `block in constantize'
activesupport (5.2.1) lib/active_support/inflector/methods.rb:281:in `each'
activesupport (5.2.1) lib/active_support/inflector/methods.rb:281:in `inject'
activesupport (5.2.1) lib/active_support/inflector/methods.rb:281:in `constantize'
actionpack (5.2.1) lib/action_dispatch/http/request.rb:88:in `controller_class_for'
actionpack (5.2.1) lib/action_dispatch/http/request.rb:81:in `controller_class'
actionpack (5.2.1) lib/action_dispatch/routing/route_set.rb:46:in `controller'
actionpack (5.2.1) lib/action_dispatch/routing/route_set.rb:32:in `serve'
actionpack (5.2.1) lib/action_dispatch/journey/router.rb:52:in `block in serve'
actionpack (5.2.1) lib/action_dispatch/journey/router.rb:35:in `each'
actionpack (5.2.1) lib/action_dispatch/journey/router.rb:35:in `serve'
actionpack (5.2.1) lib/action_dispatch/routing/route_set.rb:840:in `call'
rack (2.0.5) lib/rack/tempfile_reaper.rb:15:in `call'
rack (2.0.5) lib/rack/etag.rb:25:in `call'
rack (2.0.5) lib/rack/conditional_get.rb:25:in `call'
rack (2.0.5) lib/rack/head.rb:12:in `call'
actionpack (5.2.1) lib/action_dispatch/http/content_security_policy.rb:18:in `call'
rack (2.0.5) lib/rack/session/abstract/id.rb:232:in `context'
rack (2.0.5) lib/rack/session/abstract/id.rb:226:in `call'
actionpack (5.2.1) lib/action_dispatch/middleware/cookies.rb:670:in `call'
activerecord (5.2.1) lib/active_record/migration.rb:559:in `call'
actionpack (5.2.1) lib/action_dispatch/middleware/callbacks.rb:28:in `block in call'
activesupport (5.2.1) lib/active_support/callbacks.rb:98:in `run_callbacks'
actionpack (5.2.1) lib/action_dispatch/middleware/callbacks.rb:26:in `call'
actionpack (5.2.1) lib/action_dispatch/middleware/executor.rb:14:in `call'
actionpack (5.2.1) lib/action_dispatch/middleware/debug_exceptions.rb:61:in `call'
web-console (3.7.0) lib/web_console/middleware.rb:135:in `call_app'
web-console (3.7.0) lib/web_console/middleware.rb:30:in `block in call'
web-console (3.7.0) lib/web_console/middleware.rb:20:in `catch'
web-console (3.7.0) lib/web_console/middleware.rb:20:in `call'
actionpack (5.2.1) lib/action_dispatch/middleware/show_exceptions.rb:33:in `call'
railties (5.2.1) lib/rails/rack/logger.rb:38:in `call_app'
railties (5.2.1) lib/rails/rack/logger.rb:26:in `block in call'
activesupport (5.2.1) lib/active_support/tagged_logging.rb:71:in `block in tagged'
activesupport (5.2.1) lib/active_support/tagged_logging.rb:28:in `tagged'
activesupport (5.2.1) lib/active_support/tagged_logging.rb:71:in `tagged'
railties (5.2.1) lib/rails/rack/logger.rb:26:in `call'
sprockets-rails (3.2.1) lib/sprockets/rails/quiet_assets.rb:13:in `call'
actionpack (5.2.1) lib/action_dispatch/middleware/remote_ip.rb:81:in `call'
actionpack (5.2.1) lib/action_dispatch/middleware/request_id.rb:27:in `call'
rack (2.0.5) lib/rack/method_override.rb:22:in `call'
rack (2.0.5) lib/rack/runtime.rb:22:in `call'
activesupport (5.2.1) lib/active_support/cache/strategy/local_cache_middleware.rb:29:in `call'
actionpack (5.2.1) lib/action_dispatch/middleware/executor.rb:14:in `call'
actionpack (5.2.1) lib/action_dispatch/middleware/static.rb:127:in `call'
rack (2.0.5) lib/rack/sendfile.rb:111:in `call'
railties (5.2.1) lib/rails/engine.rb:524:in `call'
puma (3.12.0) lib/puma/configuration.rb:225:in `call'
puma (3.12.0) lib/puma/server.rb:658:in `handle_request'
puma (3.12.0) lib/puma/server.rb:472:in `process_client'
puma (3.12.0) lib/puma/server.rb:332:in `block in run'
puma (3.12.0) lib/puma/thread_pool.rb:133:in `block in spawn_thread'
  [1m[36mGossip Load (1.3ms)[0m  [1m[34mSELECT  "gossips".* FROM "gossips" LIMIT $1[0m  [["LIMIT", 11]]
Started GET "/" for 127.0.0.1 at 2018-10-29 17:27:23 +0100
  [1m[35m (2.2ms)[0m  [1m[34mSELECT "schema_migrations"."version" FROM "schema_migrations" ORDER BY "schema_migrations"."version" ASC[0m
  ↳ /Users/charlottevaudour/.rvm/gems/ruby-2.5.1/gems/web-console-3.7.0/lib/web_console/middleware.rb:135
Processing by Rails::WelcomeController#index as HTML
  Rendering /Users/charlottevaudour/.rvm/rubies/ruby-2.5.1/lib/ruby/gems/2.5.0/gems/railties-5.2.1/lib/rails/templates/rails/welcome/index.html.erb
  Rendered /Users/charlottevaudour/.rvm/rubies/ruby-2.5.1/lib/ruby/gems/2.5.0/gems/railties-5.2.1/lib/rails/templates/rails/welcome/index.html.erb (4.5ms)
Completed 200 OK in 54ms (Views: 42.3ms | ActiveRecord: 0.0ms)


Started GET "/" for 127.0.0.1 at 2018-10-29 17:27:31 +0100
Processing by Rails::WelcomeController#index as HTML
  Rendering /Users/charlottevaudour/.rvm/rubies/ruby-2.5.1/lib/ruby/gems/2.5.0/gems/railties-5.2.1/lib/rails/templates/rails/welcome/index.html.erb
  Rendered /Users/charlottevaudour/.rvm/rubies/ruby-2.5.1/lib/ruby/gems/2.5.0/gems/railties-5.2.1/lib/rails/templates/rails/welcome/index.html.erb (3.9ms)
Completed 200 OK in 14ms (Views: 9.8ms | ActiveRecord: 0.0ms)


Started GET "/team" for 127.0.0.1 at 2018-10-29 17:27:43 +0100
Processing by StaticPageController#team as HTML
  Rendering static_page/team.html.erb within layouts/application
  Rendered static_page/team.html.erb within layouts/application (0.6ms)
Completed 200 OK in 727ms (Views: 717.5ms | ActiveRecord: 0.0ms)


Started GET "/contact" for 127.0.0.1 at 2018-10-29 17:40:55 +0100
Processing by StaticPageController#contact as HTML
  Rendering static_page/contact.html.erb within layouts/application
  Rendered static_page/contact.html.erb within layouts/application (1.3ms)
Completed 200 OK in 76ms (Views: 63.9ms | ActiveRecord: 0.0ms)


Started GET "/team" for 127.0.0.1 at 2018-10-29 17:55:54 +0100
Processing by StaticPageController#team as HTML
  Rendering static_page/team.html.erb within layouts/application
  Rendered static_page/team.html.erb within layouts/application (1.8ms)
Completed 200 OK in 118ms (Views: 109.9ms | ActiveRecord: 0.0ms)


Started GET "/team" for 127.0.0.1 at 2018-10-29 17:56:13 +0100
Processing by StaticPageController#team as HTML
  Rendering static_page/team.html.erb within layouts/application
  Rendered static_page/team.html.erb within layouts/application (4.9ms)
Completed 200 OK in 84ms (Views: 72.3ms | ActiveRecord: 0.0ms)


Started GET "/team" for 127.0.0.1 at 2018-10-29 17:56:15 +0100
Processing by StaticPageController#team as HTML
  Rendering static_page/team.html.erb within layouts/application
  Rendered static_page/team.html.erb within layouts/application (0.4ms)
Completed 200 OK in 136ms (Views: 33.3ms | ActiveRecord: 0.0ms)


Started GET "/team" for 127.0.0.1 at 2018-10-29 17:56:17 +0100
Processing by StaticPageController#team as HTML
  Rendering static_page/team.html.erb within layouts/application
  Rendered static_page/team.html.erb within layouts/application (0.8ms)
Completed 200 OK in 92ms (Views: 87.2ms | ActiveRecord: 0.0ms)


Started GET "/contact" for 127.0.0.1 at 2018-10-29 17:56:18 +0100
Processing by StaticPageController#contact as HTML
  Rendering static_page/contact.html.erb within layouts/application
  Rendered static_page/contact.html.erb within layouts/application (1.7ms)
Completed 200 OK in 62ms (Views: 56.5ms | ActiveRecord: 0.0ms)


Started GET "/contact" for 127.0.0.1 at 2018-10-29 17:56:26 +0100
Processing by StaticPageController#contact as HTML
  Rendering static_page/contact.html.erb within layouts/application
  Rendered static_page/contact.html.erb within layouts/application (0.6ms)
Completed 200 OK in 67ms (Views: 63.5ms | ActiveRecord: 0.0ms)


Started GET "/contact" for 127.0.0.1 at 2018-10-29 17:56:28 +0100
Processing by StaticPageController#contact as HTML
  Rendering static_page/contact.html.erb within layouts/application
  Rendered static_page/contact.html.erb within layouts/application (0.6ms)
Completed 200 OK in 60ms (Views: 55.5ms | ActiveRecord: 0.0ms)


Started GET "/contact" for 127.0.0.1 at 2018-10-29 17:56:30 +0100
Processing by StaticPageController#contact as HTML
  Rendering static_page/contact.html.erb within layouts/application
  Rendered static_page/contact.html.erb within layouts/application (0.6ms)
Completed 200 OK in 77ms (Views: 72.9ms | ActiveRecord: 0.0ms)


Started GET "/team" for 127.0.0.1 at 2018-10-29 17:56:31 +0100
Processing by StaticPageController#team as HTML
  Rendering static_page/team.html.erb within layouts/application
  Rendered static_page/team.html.erb within layouts/application (1.6ms)
Completed 200 OK in 93ms (Views: 82.2ms | ActiveRecord: 0.0ms)


Started GET "/contact" for 127.0.0.1 at 2018-10-29 17:56:33 +0100
Processing by StaticPageController#contact as HTML
  Rendering static_page/contact.html.erb within layouts/application
  Rendered static_page/contact.html.erb within layouts/application (0.6ms)
Completed 200 OK in 91ms (Views: 86.5ms | ActiveRecord: 0.0ms)


Started GET "/team" for 127.0.0.1 at 2018-10-29 17:56:34 +0100
Processing by StaticPageController#team as HTML
  Rendering static_page/team.html.erb within layouts/application
  Rendered static_page/team.html.erb within layouts/application (0.5ms)
Completed 200 OK in 60ms (Views: 54.5ms | ActiveRecord: 0.0ms)


Started GET "/team" for 127.0.0.1 at 2018-10-29 17:57:13 +0100
Processing by StaticPageController#team as HTML
  Rendering static_page/team.html.erb within layouts/application
  Rendered static_page/team.html.erb within layouts/application (0.5ms)
Completed 200 OK in 60ms (Views: 54.8ms | ActiveRecord: 0.0ms)


Started GET "/team" for 127.0.0.1 at 2018-10-29 17:58:26 +0100
Processing by StaticPageController#team as HTML
  Rendering static_page/team.html.erb within layouts/application
  Rendered static_page/team.html.erb within layouts/application (0.4ms)
Completed 200 OK in 104ms (Views: 100.0ms | ActiveRecord: 0.0ms)


Started GET "/contact" for 127.0.0.1 at 2018-10-29 17:58:34 +0100
Processing by StaticPageController#contact as HTML
  Rendering static_page/contact.html.erb within layouts/application
  Rendered static_page/contact.html.erb within layouts/application (0.9ms)
Completed 200 OK in 58ms (Views: 51.1ms | ActiveRecord: 0.0ms)


Started GET "/team" for 127.0.0.1 at 2018-10-29 17:58:35 +0100
Processing by StaticPageController#team as HTML
  Rendering static_page/team.html.erb within layouts/application
  Rendered static_page/team.html.erb within layouts/application (0.7ms)
Completed 200 OK in 65ms (Views: 56.9ms | ActiveRecord: 0.0ms)


Started GET "/contact" for 127.0.0.1 at 2018-10-29 17:58:35 +0100
Processing by StaticPageController#contact as HTML
  Rendering static_page/contact.html.erb within layouts/application
  Rendered static_page/contact.html.erb within layouts/application (0.7ms)
Completed 200 OK in 88ms (Views: 84.2ms | ActiveRecord: 0.0ms)


Started GET "/team" for 127.0.0.1 at 2018-10-29 17:58:39 +0100
Processing by StaticPageController#team as HTML
  Rendering static_page/team.html.erb within layouts/application
  Rendered static_page/team.html.erb within layouts/application (0.7ms)
Completed 200 OK in 75ms (Views: 61.4ms | ActiveRecord: 0.0ms)


Started GET "/home" for 127.0.0.1 at 2018-10-29 18:20:39 +0100
Started GET "/" for 127.0.0.1 at 2018-10-29 18:21:36 +0100
  [1m[35m (2.1ms)[0m  [1m[34mSELECT "schema_migrations"."version" FROM "schema_migrations" ORDER BY "schema_migrations"."version" ASC[0m
  ↳ /Users/charlottevaudour/.rvm/gems/ruby-2.5.1/gems/web-console-3.7.0/lib/web_console/middleware.rb:135
Processing by StaticPageController#home as HTML
  Rendering static_page/home.html.erb within layouts/application
  Rendered static_page/home.html.erb within layouts/application (1.3ms)
Completed 200 OK in 467ms (Views: 446.9ms | ActiveRecord: 0.0ms)


Started GET "/" for 127.0.0.1 at 2018-10-29 18:21:49 +0100
Processing by StaticPageController#home as HTML
  Rendering static_page/home.html.erb within layouts/application
  Rendered static_page/home.html.erb within layouts/application (0.5ms)
Completed 200 OK in 38ms (Views: 34.4ms | ActiveRecord: 0.0ms)


Started GET "/team" for 127.0.0.1 at 2018-10-29 18:22:00 +0100
Processing by StaticPageController#team as HTML
  Rendering static_page/team.html.erb within layouts/application
  Rendered static_page/team.html.erb within layouts/application (0.6ms)
Completed 200 OK in 82ms (Views: 66.9ms | ActiveRecord: 0.0ms)


Started GET "/contact" for 127.0.0.1 at 2018-10-29 18:22:01 +0100
Processing by StaticPageController#contact as HTML
  Rendering static_page/contact.html.erb within layouts/application
  Rendered static_page/contact.html.erb within layouts/application (0.5ms)
Completed 200 OK in 91ms (Views: 86.9ms | ActiveRecord: 0.0ms)


Started GET "/team" for 127.0.0.1 at 2018-10-29 18:22:04 +0100
Processing by StaticPageController#team as HTML
  Rendering static_page/team.html.erb within layouts/application
  Rendered static_page/team.html.erb within layouts/application (0.6ms)
Completed 200 OK in 76ms (Views: 56.9ms | ActiveRecord: 0.0ms)


Started GET "/team" for 127.0.0.1 at 2018-10-29 18:22:05 +0100
Processing by StaticPageController#team as HTML
  Rendering static_page/team.html.erb within layouts/application
  Rendered static_page/team.html.erb within layouts/application (0.5ms)
Completed 200 OK in 57ms (Views: 46.1ms | ActiveRecord: 0.0ms)


Started GET "/team" for 127.0.0.1 at 2018-10-29 18:22:06 +0100
Processing by StaticPageController#team as HTML
  Rendering static_page/team.html.erb within layouts/application
  Rendered static_page/team.html.erb within layouts/application (0.7ms)
Completed 200 OK in 52ms (Views: 45.2ms | ActiveRecord: 0.0ms)


Started GET "/team" for 127.0.0.1 at 2018-10-29 18:22:49 +0100
Processing by StaticPageController#team as HTML
  Rendering static_page/team.html.erb within layouts/application
  Rendered static_page/team.html.erb within layouts/application (0.5ms)
Completed 200 OK in 80ms (Views: 73.9ms | ActiveRecord: 0.0ms)


Started GET "/" for 127.0.0.1 at 2018-10-29 18:22:52 +0100
Processing by StaticPageController#home as HTML
  Rendering static_page/home.html.erb within layouts/application
  Rendered static_page/home.html.erb within layouts/application (0.7ms)
Completed 200 OK in 92ms (Views: 87.8ms | ActiveRecord: 0.0ms)


Started GET "/" for 127.0.0.1 at 2018-10-29 18:22:53 +0100
Processing by StaticPageController#home as HTML
  Rendering static_page/home.html.erb within layouts/application
  Rendered static_page/home.html.erb within layouts/application (0.5ms)
Completed 200 OK in 65ms (Views: 61.7ms | ActiveRecord: 0.0ms)


Started GET "/team" for 127.0.0.1 at 2018-10-29 18:22:54 +0100
Processing by StaticPageController#team as HTML
  Rendering static_page/team.html.erb within layouts/application
  Rendered static_page/team.html.erb within layouts/application (0.6ms)
Completed 200 OK in 68ms (Views: 52.8ms | ActiveRecord: 0.0ms)


Started GET "/" for 127.0.0.1 at 2018-10-29 18:22:55 +0100
Processing by StaticPageController#home as HTML
  Rendering static_page/home.html.erb within layouts/application
  Rendered static_page/home.html.erb within layouts/application (0.8ms)
Completed 200 OK in 77ms (Views: 73.5ms | ActiveRecord: 0.0ms)


Started GET "/team" for 127.0.0.1 at 2018-10-29 18:22:57 +0100
Processing by StaticPageController#team as HTML
  Rendering static_page/team.html.erb within layouts/application
  Rendered static_page/team.html.erb within layouts/application (2.0ms)
Completed 200 OK in 65ms (Views: 49.5ms | ActiveRecord: 0.0ms)


Started GET "/contact" for 127.0.0.1 at 2018-10-29 18:22:59 +0100
Processing by StaticPageController#contact as HTML
  Rendering static_page/contact.html.erb within layouts/application
  Rendered static_page/contact.html.erb within layouts/application (0.6ms)
Completed 200 OK in 60ms (Views: 55.8ms | ActiveRecord: 0.0ms)


Started GET "/home" for 127.0.0.1 at 2018-10-29 18:25:59 +0100
  
ActionController::RoutingError (No route matches [GET] "/home"):
  
actionpack (5.2.1) lib/action_dispatch/middleware/debug_exceptions.rb:65:in `call'
web-console (3.7.0) lib/web_console/middleware.rb:135:in `call_app'
web-console (3.7.0) lib/web_console/middleware.rb:30:in `block in call'
web-console (3.7.0) lib/web_console/middleware.rb:20:in `catch'
web-console (3.7.0) lib/web_console/middleware.rb:20:in `call'
actionpack (5.2.1) lib/action_dispatch/middleware/show_exceptions.rb:33:in `call'
railties (5.2.1) lib/rails/rack/logger.rb:38:in `call_app'
railties (5.2.1) lib/rails/rack/logger.rb:26:in `block in call'
activesupport (5.2.1) lib/active_support/tagged_logging.rb:71:in `block in tagged'
activesupport (5.2.1) lib/active_support/tagged_logging.rb:28:in `tagged'
activesupport (5.2.1) lib/active_support/tagged_logging.rb:71:in `tagged'
railties (5.2.1) lib/rails/rack/logger.rb:26:in `call'
sprockets-rails (3.2.1) lib/sprockets/rails/quiet_assets.rb:13:in `call'
actionpack (5.2.1) lib/action_dispatch/middleware/remote_ip.rb:81:in `call'
actionpack (5.2.1) lib/action_dispatch/middleware/request_id.rb:27:in `call'
rack (2.0.5) lib/rack/method_override.rb:22:in `call'
rack (2.0.5) lib/rack/runtime.rb:22:in `call'
activesupport (5.2.1) lib/active_support/cache/strategy/local_cache_middleware.rb:29:in `call'
actionpack (5.2.1) lib/action_dispatch/middleware/executor.rb:14:in `call'
actionpack (5.2.1) lib/action_dispatch/middleware/static.rb:127:in `call'
rack (2.0.5) lib/rack/sendfile.rb:111:in `call'
railties (5.2.1) lib/rails/engine.rb:524:in `call'
puma (3.12.0) lib/puma/configuration.rb:225:in `call'
puma (3.12.0) lib/puma/server.rb:658:in `handle_request'
puma (3.12.0) lib/puma/server.rb:472:in `process_client'
puma (3.12.0) lib/puma/server.rb:332:in `block in run'
puma (3.12.0) lib/puma/thread_pool.rb:133:in `block in spawn_thread'
Started GET "/" for 127.0.0.1 at 2018-10-29 18:26:02 +0100
Processing by StaticPageController#home as HTML
  Rendering static_page/home.html.erb within layouts/application
  Rendered static_page/home.html.erb within layouts/application (0.5ms)
Completed 200 OK in 131ms (Views: 125.4ms | ActiveRecord: 0.0ms)


Started GET "/team" for 127.0.0.1 at 2018-10-29 18:26:04 +0100
Processing by StaticPageController#team as HTML
  Rendering static_page/team.html.erb within layouts/application
  Rendered static_page/team.html.erb within layouts/application (2.1ms)
Completed 200 OK in 118ms (Views: 95.6ms | ActiveRecord: 0.0ms)


Started GET "/" for 127.0.0.1 at 2018-10-29 18:26:22 +0100
Processing by StaticPageController#home as HTML
  Rendering static_page/home.html.erb within layouts/application
  Rendered static_page/home.html.erb within layouts/application (1.6ms)
Completed 200 OK in 120ms (Views: 111.8ms | ActiveRecord: 0.0ms)


Started GET "/" for 127.0.0.1 at 2018-10-29 18:26:24 +0100
Processing by StaticPageController#home as HTML
  Rendering static_page/home.html.erb within layouts/application
  Rendered static_page/home.html.erb within layouts/application (1.1ms)
Completed 200 OK in 73ms (Views: 69.0ms | ActiveRecord: 0.0ms)


Started GET "/" for 127.0.0.1 at 2018-10-29 18:26:24 +0100
Processing by StaticPageController#home as HTML
  Rendering static_page/home.html.erb within layouts/application
  Rendered static_page/home.html.erb within layouts/application (0.5ms)
Completed 200 OK in 66ms (Views: 62.3ms | ActiveRecord: 0.0ms)


Started GET "/team" for 127.0.0.1 at 2018-10-29 18:26:26 +0100
Processing by StaticPageController#team as HTML
  Rendering static_page/team.html.erb within layouts/application
  Rendered static_page/team.html.erb within layouts/application (0.6ms)
Completed 200 OK in 77ms (Views: 55.1ms | ActiveRecord: 0.0ms)


Started GET "/" for 127.0.0.1 at 2018-10-29 18:27:43 +0100
Processing by StaticPageController#home as HTML
  Rendering static_page/home.html.erb within layouts/application
  Rendered static_page/home.html.erb within layouts/application (0.5ms)
Completed 200 OK in 133ms (Views: 128.3ms | ActiveRecord: 0.0ms)


Started GET "/" for 127.0.0.1 at 2018-10-29 18:44:07 +0100
Processing by StaticPageController#home as HTML
  Rendering static_page/home.html.erb within layouts/application
  [1m[36mGossip Load (12.8ms)[0m  [1m[34mSELECT "gossips".* FROM "gossips"[0m
  ↳ app/views/static_page/home.html.erb:5
  Rendered static_page/home.html.erb within layouts/application (62.4ms)
Completed 200 OK in 210ms (Views: 141.4ms | ActiveRecord: 43.4ms)


Started GET "/" for 127.0.0.1 at 2018-10-29 18:44:44 +0100
Processing by StaticPageController#home as HTML
  Rendering static_page/home.html.erb within layouts/application
  [1m[36mGossip Load (0.4ms)[0m  [1m[34mSELECT "gossips".* FROM "gossips"[0m
  ↳ app/views/static_page/home.html.erb:5
  Rendered static_page/home.html.erb within layouts/application (2.8ms)
Completed 200 OK in 81ms (Views: 75.7ms | ActiveRecord: 0.4ms)


Started GET "/" for 127.0.0.1 at 2018-10-29 18:45:03 +0100
Processing by StaticPageController#home as HTML
  Rendering static_page/home.html.erb within layouts/application
  [1m[36mGossip Load (0.4ms)[0m  [1m[34mSELECT "gossips".* FROM "gossips"[0m
  ↳ app/views/static_page/home.html.erb:5
  Rendered static_page/home.html.erb within layouts/application (2.5ms)
Completed 200 OK in 48ms (Views: 42.7ms | ActiveRecord: 0.4ms)


Started GET "/" for 127.0.0.1 at 2018-10-29 18:46:47 +0100
Processing by StaticPageController#home as HTML
  Rendering static_page/home.html.erb within layouts/application
  [1m[36mGossip Load (0.5ms)[0m  [1m[34mSELECT "gossips".* FROM "gossips"[0m
  ↳ app/views/static_page/home.html.erb:5
  Rendered static_page/home.html.erb within layouts/application (2.7ms)
Completed 200 OK in 134ms (Views: 122.9ms | ActiveRecord: 0.5ms)


Started GET "/team" for 127.0.0.1 at 2018-10-29 18:46:49 +0100
Processing by StaticPageController#team as HTML
  Rendering static_page/team.html.erb within layouts/application
  Rendered static_page/team.html.erb within layouts/application (4.7ms)
Completed 200 OK in 72ms (Views: 56.4ms | ActiveRecord: 0.0ms)


Started GET "/contact" for 127.0.0.1 at 2018-10-29 18:46:51 +0100
Processing by StaticPageController#contact as HTML
  Rendering static_page/contact.html.erb within layouts/application
  Rendered static_page/contact.html.erb within layouts/application (2.1ms)
Completed 200 OK in 61ms (Views: 55.8ms | ActiveRecord: 0.0ms)


Started GET "/" for 127.0.0.1 at 2018-10-29 18:46:55 +0100
Processing by StaticPageController#home as HTML
  Rendering static_page/home.html.erb within layouts/application
  [1m[36mGossip Load (5.9ms)[0m  [1m[34mSELECT "gossips".* FROM "gossips"[0m
  ↳ app/views/static_page/home.html.erb:5
  Rendered static_page/home.html.erb within layouts/application (8.9ms)
Completed 200 OK in 87ms (Views: 76.9ms | ActiveRecord: 5.9ms)


Started GET "/" for 127.0.0.1 at 2018-10-29 18:47:08 +0100
Processing by StaticPageController#home as HTML
  Rendering static_page/home.html.erb within layouts/application
  [1m[36mGossip Load (0.4ms)[0m  [1m[34mSELECT "gossips".* FROM "gossips"[0m
  ↳ app/views/static_page/home.html.erb:5
  Rendered static_page/home.html.erb within layouts/application (2.2ms)
Completed 200 OK in 42ms (Views: 38.2ms | ActiveRecord: 0.4ms)


